<?xml version="1.0" encoding="UTF-8"?>
<!-- Generated by org.testng.reporters.JUnitXMLReporter -->
<testsuite ignored="0" hostname="LAPTOP-FBK06QGV" failures="0" tests="3" name="Default test" time="0.139" errors="0" timestamp="2022-07-19T14:59:19 IST">
  <testcase classname="org.AttendanceSystem.CreateSignUp" name="test1" time="0.023"/>
  <testcase classname="org.AttendanceSystem.CreateSignUp" name="test2" time="0.003"/>
  <testcase classname="org.AttendanceSystem.CreateSignUp" name="test3" time="0.004"/>
</testsuite> <!-- Default test -->
